<?xml version="1.0" encoding="UTF-8"?>
<testsuite name="com.adventure.MT8" tests="5" skipped="0" failures="0" errors="0" timestamp="2023-03-02T03:53:20" hostname="Arianness-Mac-mini.local" time="2.311">
  <properties/>
  <testcase name="testPrintItemsCommand()" classname="com.adventure.MT8" time="2.161"/>
  <testcase name="testBackpackAddRemoveItem()" classname="com.adventure.MT8" time="0.088"/>
  <testcase name="testBackpackLimit()" classname="com.adventure.MT8" time="0.012"/>
  <testcase name="testBackpackViaPlayer()" classname="com.adventure.MT8" time="0.044"/>
  <testcase name="testPrintBackpack()" classname="com.adventure.MT8" time="0.002"/>
  <system-out><![CDATA[]]></system-out>
  <system-err><![CDATA[]]></system-err>
</testsuite>
